<?xml version="1.0" encoding="UTF-8"?>
<coverage generated="1654261170438" clover="3.2.0">
  <project timestamp="1654261170438" name="All files">
    <metrics statements="12" coveredstatements="9" conditionals="2" coveredconditionals="2" methods="4" coveredmethods="3" elements="18" coveredelements="14" complexity="0" loc="12" ncloc="12" packages="1" files="2" classes="2"/>
    <file name="fubar.js" path="C:\Users\kacper.marcinkowski\Desktop\ca\CA\js\fubar.js">
      <metrics statements="5" coveredstatements="5" conditionals="2" coveredconditionals="2" methods="2" coveredmethods="2"/>
      <line num="3" count="1" type="stmt"/>
      <line num="6" count="2" type="cond" truecount="2" falsecount="0"/>
      <line num="7" count="1" type="stmt"/>
      <line num="9" count="1" type="stmt"/>
      <line num="13" count="1" type="stmt"/>
    </file>
    <file name="service.js" path="C:\Users\kacper.marcinkowski\Desktop\ca\CA\js\service.js">
      <metrics statements="7" coveredstatements="4" conditionals="0" coveredconditionals="0" methods="2" coveredmethods="1"/>
      <line num="3" count="0" type="stmt"/>
      <line num="4" count="0" type="stmt"/>
      <line num="6" count="0" type="stmt"/>
      <line num="9" count="1" type="stmt"/>
      <line num="10" count="1" type="stmt"/>
      <line num="12" count="1" type="stmt"/>
      <line num="16" count="1" type="stmt"/>
    </file>
  </project>
</coverage>
