{"C:\\Users\\kacper.marcinkowski\\Desktop\\ca\\CA\\js\\fubar.js": {"path":"C:\\Users\\kacper.marcinkowski\\Desktop\\ca\\CA\\js\\fubar.js","statementMap":{"0":{"start":{"line":3,"column":8},"end":{"line":3,"column":17}},"1":{"start":{"line":6,"column":8},"end":{"line":8,"column":9}},"2":{"start":{"line":7,"column":12},"end":{"line":7,"column":26}},"3":{"start":{"line":9,"column":8},"end":{"line":9,"column":22}},"4":{"start":{"line":13,"column":0},"end":{"line":13,"column":27}}},"fnMap":{"0":{"name":"(anonymous_0)","decl":{"start":{"line":2,"column":4},"end":{"line":2,"column":5}},"loc":{"start":{"line":2,"column":13},"end":{"line":4,"column":5}},"line":2},"1":{"name":"(anonymous_1)","decl":{"start":{"line":5,"column":4},"end":{"line":5,"column":5}},"loc":{"start":{"line":5,"column":16},"end":{"line":10,"column":5}},"line":5}},"branchMap":{"0":{"loc":{"start":{"line":6,"column":8},"end":{"line":8,"column":9}},"type":"if","locations":[{"start":{"line":6,"column":8},"end":{"line":8,"column":9}},{"start":{},"end":{}}],"line":6}},"s":{"0":1,"1":2,"2":1,"3":1,"4":1},"f":{"0":1,"1":2},"b":{"0":[1,1]},"_coverageSchema":"1a1c01bbd47fc00a2c39e90264f33305004495a9","hash":"2346824445e45a31e62642abdf0ef5d9bd65b059"}
,"C:\\Users\\kacper.marcinkowski\\Desktop\\ca\\CA\\js\\service.js": {"path":"C:\\Users\\kacper.marcinkowski\\Desktop\\ca\\CA\\js\\service.js","statementMap":{"0":{"start":{"line":3,"column":21},"end":{"line":3,"column":86}},"1":{"start":{"line":4,"column":24},"end":{"line":4,"column":41}},"2":{"start":{"line":6,"column":8},"end":{"line":6,"column":23}},"3":{"start":{"line":9,"column":21},"end":{"line":9,"column":96}},"4":{"start":{"line":10,"column":25},"end":{"line":10,"column":42}},"5":{"start":{"line":12,"column":8},"end":{"line":12,"column":24}},"6":{"start":{"line":16,"column":0},"end":{"line":16,"column":35}}},"fnMap":{"0":{"name":"(anonymous_0)","decl":{"start":{"line":2,"column":4},"end":{"line":2,"column":5}},"loc":{"start":{"line":2,"column":23},"end":{"line":7,"column":5}},"line":2},"1":{"name":"(anonymous_1)","decl":{"start":{"line":8,"column":4},"end":{"line":8,"column":5}},"loc":{"start":{"line":8,"column":34},"end":{"line":13,"column":5}},"line":8}},"branchMap":{},"s":{"0":0,"1":0,"2":0,"3":1,"4":1,"5":1,"6":1},"f":{"0":0,"1":1},"b":{},"_coverageSchema":"1a1c01bbd47fc00a2c39e90264f33305004495a9","hash":"0827f19f7c3e43f39ac42356783ef417e804a2f0"}
}
